# JRE version: Java(TM) SE Runtime Environment 18.9 (11.0.13+10) (build 11.0.13+10-LTS-370)
# Java VM: Java HotSpot(TM) 64-Bit Server VM 18.9 (11.0.13+10-LTS-370, mixed mode, tiered, compressed oops, g1 gc, windows-amd64)
Heap:
 garbage-first heap   total 878592K, used 231135K [0x0000000080000000, 0x0000000100000000)
  region size 1024K, 15 young (15360K), 15 survivors (15360K)
 Metaspace       used 176355K, capacity 180830K, committed 181836K, reserved 1208320K
  class space    used 21310K, capacity 22930K, committed 23372K, reserved 1048576K
GC Heap History (10 events):
Event: 3893.359 GC heap after
{Heap after GC invocations=167 (full 0):
 garbage-first heap   total 573440K, used 219071K [0x0000000080000000, 0x0000000100000000)
  region size 1024K, 3 young (3072K), 3 survivors (3072K)
 Metaspace       used 175998K, capacity 180490K, committed 181580K, reserved 1208320K
  class space    used 21308K, capacity 22928K, committed 23372K, reserved 1048576K
}
Event: 3894.340 GC heap before
{Heap before GC invocations=167 (full 0):
 garbage-first heap   total 573440K, used 457663K [0x0000000080000000, 0x0000000100000000)
  region size 1024K, 236 young (241664K), 3 survivors (3072K)
 Metaspace       used 176016K, capacity 180500K, committed 181580K, reserved 1208320K
  class space    used 21308K, capacity 22929K, committed 23372K, reserved 1048576K
}
Event: 3894.358 GC heap after
{Heap after GC invocations=168 (full 0):
 garbage-first heap   total 573440K, used 220305K [0x0000000080000000, 0x0000000100000000)
  region size 1024K, 4 young (4096K), 4 survivors (4096K)
 Metaspace       used 176016K, capacity 180500K, committed 181580K, reserved 1208320K
  class space    used 21308K, capacity 22929K, committed 23372K, reserved 1048576K
}
Event: 3895.328 GC heap before
{Heap before GC invocations=168 (full 0):
 garbage-first heap   total 573440K, used 479377K [0x0000000080000000, 0x0000000100000000)
  region size 1024K, 256 young (262144K), 4 survivors (4096K)
 Metaspace       used 176183K, capacity 180663K, committed 181580K, reserved 1208320K
  class space    used 21309K, capacity 22929K, committed 23372K, reserved 1048576K
}
Event: 3895.346 GC heap after
{Heap after GC invocations=169 (full 0):
 garbage-first heap   total 573440K, used 220899K [0x0000000080000000, 0x0000000100000000)
  region size 1024K, 5 young (5120K), 5 survivors (5120K)
 Metaspace       used 176183K, capacity 180663K, committed 181580K, reserved 1208320K
  class space    used 21309K, capacity 22929K, committed 23372K, reserved 1048576K
}
Event: 3896.415 GC heap before
{Heap before GC invocations=169 (full 0):
 garbage-first heap   total 573440K, used 483043K [0x0000000080000000, 0x0000000100000000)
  region size 1024K, 262 young (268288K), 5 survivors (5120K)
 Metaspace       used 176222K, capacity 180733K, committed 181580K, reserved 1208320K
  class space    used 21309K, capacity 22929K, committed 23372K, reserved 1048576K
}
Event: 3896.448 GC heap after
{Heap after GC invocations=170 (full 0):
 garbage-first heap   total 573440K, used 227372K [0x0000000080000000, 0x0000000100000000)
  region size 1024K, 11 young (11264K), 11 survivors (11264K)
 Metaspace       used 176222K, capacity 180733K, committed 181580K, reserved 1208320K
  class space    used 21309K, capacity 22929K, committed 23372K, reserved 1048576K
}
Event: 3898.188 GC heap before
{Heap before GC invocations=170 (full 0):
 garbage-first heap   total 573440K, used 485420K [0x0000000080000000, 0x0000000100000000)
  region size 1024K, 264 young (270336K), 11 survivors (11264K)
 Metaspace       used 176339K, capacity 180828K, committed 181836K, reserved 1208320K
  class space    used 21309K, capacity 22929K, committed 23372K, reserved 1048576K
}
Event: 3898.262 GC heap after
{Heap after GC invocations=171 (full 0):
 garbage-first heap   total 573440K, used 231836K [0x0000000080000000, 0x0000000100000000)
  region size 1024K, 15 young (15360K), 15 survivors (15360K)
 Metaspace       used 176339K, capacity 180828K, committed 181836K, reserved 1208320K
  class space    used 21309K, capacity 22929K, committed 23372K, reserved 1048576K
}
Event: 3899.037 GC heap before
{Heap before GC invocations=171 (full 0):
 garbage-first heap   total 573440K, used 487836K [0x0000000080000000, 0x0000000100000000)
  region size 1024K, 265 young (271360K), 15 survivors (15360K)
 Metaspace       used 176355K, capacity 180830K, committed 181836K, reserved 1208320K
  class space    used 21310K, capacity 22930K, committed 23372K, reserved 1048576K
}

